I, [2021-10-07T23:06:55.753492 #2020]  INFO -- : Registered expected interaction POST /task/add
D, [2021-10-07T23:06:55.753492 #2020] DEBUG -- : {
  "description": "a post request for todo",
  "providerState": "there are todo",
  "request": {
    "method": "POST",
    "path": "/task/add",
    "body": {
      "Name": "Buy some milk"
    }
  },
  "response": {
    "status": 201,
    "headers": {
    }
  },
  "metadata": null
}
I, [2021-10-07T23:06:55.769493 #2020]  INFO -- : Received request POST /
D, [2021-10-07T23:06:55.770492 #2020] DEBUG -- : {
  "path": "/",
  "query": "",
  "method": "post",
  "body": {
    "name": "Buy some milk",
    "IsDone": false
  },
  "headers": {
    "Content-Length": "39",
    "Content-Type": "application/json",
    "Accept": "application/json, text/plain, */*",
    "User-Agent": "axios/0.22.0",
    "Host": "localhost:3001",
    "Connection": "close",
    "Version": "HTTP/1.1"
  }
}
E, [2021-10-07T23:06:55.770492 #2020] ERROR -- : No matching interaction found for POST /
E, [2021-10-07T23:06:55.770492 #2020] ERROR -- : Interaction diffs for that route:
E, [2021-10-07T23:06:55.770492 #2020] ERROR -- : 
